mktexpk --mfmode / --bdpi 600 --mag 1+0/600 --dpi 600 Libertine-nu
mktexpk --mfmode / --bdpi 600 --mag 1+0/600 --dpi 600 txmia
mktexpk --mfmode / --bdpi 600 --mag 1+0/600 --dpi 600 txsyc
mktexpk --mfmode / --bdpi 600 --mag 1+0/600 --dpi 600 rtxr
mktexpk --mfmode / --bdpi 600 --mag 0+500/600 --dpi 500 ntxexb
mktexpk --mfmode / --bdpi 600 --mag 1+0/600 --dpi 600 ntxsyralt
mktexpk --mfmode / --bdpi 600 --mag 1+0/600 --dpi 600 txsyb
mktexpk --mfmode / --bdpi 600 --mag 1+0/600 --dpi 600 zxxrl7z
mktexpk --mfmode / --bdpi 600 --mag 1+0/600 --dpi 600 txsy
mktexpk --mfmode / --bdpi 600 --mag 1+0/600 --dpi 600 LibertineTheta-Regular
mktexpk --mfmode / --bdpi 600 --mag 1+0/600 --dpi 600 rtxmi
mktexpk --mfmode / --bdpi 600 --mag 1+0/600 --dpi 600 rntxmi
mktexpk --mfmode / --bdpi 600 --mag 0+540/600 --dpi 540 txsy
mktexpk --mfmode / --bdpi 600 --mag 1+0/600 --dpi 600 Libertine-nu
mktexpk --mfmode / --bdpi 600 --mag 1+0/600 --dpi 600 txmia
mktexpk --mfmode / --bdpi 600 --mag 1+0/600 --dpi 600 txsyc
mktexpk --mfmode / --bdpi 600 --mag 1+0/600 --dpi 600 rtxr
mktexpk --mfmode / --bdpi 600 --mag 0+500/600 --dpi 500 ntxexb
mktexpk --mfmode / --bdpi 600 --mag 1+0/600 --dpi 600 ntxsyralt
mktexpk --mfmode / --bdpi 600 --mag 1+0/600 --dpi 600 txsyb
mktexpk --mfmode / --bdpi 600 --mag 1+0/600 --dpi 600 zxxrl7z
mktexpk --mfmode / --bdpi 600 --mag 1+0/600 --dpi 600 txsy
mktexpk --mfmode / --bdpi 600 --mag 1+0/600 --dpi 600 LibertineTheta-Regular
mktexpk --mfmode / --bdpi 600 --mag 1+0/600 --dpi 600 rtxmi
mktexpk --mfmode / --bdpi 600 --mag 1+0/600 --dpi 600 rntxmi
mktexpk --mfmode / --bdpi 600 --mag 0+540/600 --dpi 540 txsy
mktexpk --mfmode / --bdpi 600 --mag 1+0/600 --dpi 600 Libertine-nu
mktexpk --mfmode / --bdpi 600 --mag 1+0/600 --dpi 600 txmia
mktexpk --mfmode / --bdpi 600 --mag 1+0/600 --dpi 600 txsyc
mktexpk --mfmode / --bdpi 600 --mag 1+0/600 --dpi 600 rtxr
mktexpk --mfmode / --bdpi 600 --mag 0+500/600 --dpi 500 ntxexb
mktexpk --mfmode / --bdpi 600 --mag 1+0/600 --dpi 600 ntxsyralt
mktexpk --mfmode / --bdpi 600 --mag 1+0/600 --dpi 600 txsyb
mktexpk --mfmode / --bdpi 600 --mag 1+0/600 --dpi 600 zxxrl7z
mktexpk --mfmode / --bdpi 600 --mag 1+0/600 --dpi 600 txex
mktexpk --mfmode / --bdpi 600 --mag 1+0/600 --dpi 600 txex-bar
mktexpk --mfmode / --bdpi 600 --mag 0+486/600 --dpi 486 ntxexmods
mktexpk --mfmode / --bdpi 600 --mag 1+0/600 --dpi 600 ntxexb
mktexpk --mfmode / --bdpi 600 --mag 1+0/600 --dpi 600 txsy
mktexpk --mfmode / --bdpi 600 --mag 1+0/600 --dpi 600 LibertineTheta-Regular
mktexpk --mfmode / --bdpi 600 --mag 1+0/600 --dpi 600 rtxmi
mktexpk --mfmode / --bdpi 600 --mag 1+0/600 --dpi 600 rntxmi
mktexpk --mfmode / --bdpi 600 --mag 0+438/600 --dpi 438 Libertine-nu
mktexpk --mfmode / --bdpi 600 --mag 0+438/600 --dpi 438 txmia
mktexpk --mfmode / --bdpi 600 --mag 0+438/600 --dpi 438 txsyc
mktexpk --mfmode / --bdpi 600 --mag 0+438/600 --dpi 438 rtxr
mktexpk --mfmode / --bdpi 600 --mag 0+365/600 --dpi 365 ntxexb
mktexpk --mfmode / --bdpi 600 --mag 0+438/600 --dpi 438 ntxsyralt
mktexpk --mfmode / --bdpi 600 --mag 0+438/600 --dpi 438 txsyb
mktexpk --mfmode / --bdpi 600 --mag 0+438/600 --dpi 438 zxxrl7z
mktexpk --mfmode / --bdpi 600 --mag 0+540/600 --dpi 540 txsy
mktexpk --mfmode / --bdpi 600 --mag 0+438/600 --dpi 438 LibertineTheta-Regular
mktexpk --mfmode / --bdpi 600 --mag 0+438/600 --dpi 438 rtxmi7
mktexpk --mfmode / --bdpi 600 --mag 0+438/600 --dpi 438 zxlr-7nums
mktexpk --mfmode / --bdpi 600 --mag 0+438/600 --dpi 438 fxlri-7letters
mktexpk --mfmode / --bdpi 600 --mag 0+438/600 --dpi 438 rntxmi7
mktexpk --mfmode / --bdpi 600 --mag 1+0/600 --dpi 600 Libertine-nu
mktexpk --mfmode / --bdpi 600 --mag 1+0/600 --dpi 600 txmia
mktexpk --mfmode / --bdpi 600 --mag 1+0/600 --dpi 600 txsyc
mktexpk --mfmode / --bdpi 600 --mag 1+0/600 --dpi 600 rtxr
mktexpk --mfmode / --bdpi 600 --mag 0+500/600 --dpi 500 ntxexb
mktexpk --mfmode / --bdpi 600 --mag 1+0/600 --dpi 600 ntxsyralt
mktexpk --mfmode / --bdpi 600 --mag 1+0/600 --dpi 600 txsyb
mktexpk --mfmode / --bdpi 600 --mag 1+0/600 --dpi 600 zxxrl7z
mktexpk --mfmode / --bdpi 600 --mag 1+0/600 --dpi 600 txex
mktexpk --mfmode / --bdpi 600 --mag 1+0/600 --dpi 600 txex-bar
mktexpk --mfmode / --bdpi 600 --mag 0+486/600 --dpi 486 ntxexmods
mktexpk --mfmode / --bdpi 600 --mag 1+0/600 --dpi 600 ntxexb
mktexpk --mfmode / --bdpi 600 --mag 1+0/600 --dpi 600 txsy
mktexpk --mfmode / --bdpi 600 --mag 1+0/600 --dpi 600 LibertineTheta-Regular
mktexpk --mfmode / --bdpi 600 --mag 1+0/600 --dpi 600 rtxmi
mktexpk --mfmode / --bdpi 600 --mag 1+0/600 --dpi 600 rntxmi
mktexpk --mfmode / --bdpi 600 --mag 0+438/600 --dpi 438 Libertine-nu
mktexpk --mfmode / --bdpi 600 --mag 0+438/600 --dpi 438 txmia
mktexpk --mfmode / --bdpi 600 --mag 0+438/600 --dpi 438 txsyc
mktexpk --mfmode / --bdpi 600 --mag 0+438/600 --dpi 438 rtxr
mktexpk --mfmode / --bdpi 600 --mag 0+365/600 --dpi 365 ntxexb
mktexpk --mfmode / --bdpi 600 --mag 0+438/600 --dpi 438 ntxsyralt
mktexpk --mfmode / --bdpi 600 --mag 0+438/600 --dpi 438 txsyb
mktexpk --mfmode / --bdpi 600 --mag 0+438/600 --dpi 438 zxxrl7z
mktexpk --mfmode / --bdpi 600 --mag 0+438/600 --dpi 438 LibertineTheta-Regular
mktexpk --mfmode / --bdpi 600 --mag 0+438/600 --dpi 438 rtxmi7
mktexpk --mfmode / --bdpi 600 --mag 0+438/600 --dpi 438 zxlr-7nums
mktexpk --mfmode / --bdpi 600 --mag 0+438/600 --dpi 438 fxlri-7letters
mktexpk --mfmode / --bdpi 600 --mag 0+438/600 --dpi 438 rntxmi7
mktexpk --mfmode ljfour --bdpi 8000 --mag 1+0/(2*4000) --dpi 8000 txsys
mktexpk --mfmode ljfour --bdpi 8000 --mag 1+0/(2*4000) --dpi 8000 txsys
mktexpk --mfmode ljfour --bdpi 8000 --mag 1+0/(2*4000) --dpi 8000 txsys
mktexpk --mfmode ljfour --bdpi 8000 --mag 1+0/(2*4000) --dpi 8000 txsys
mktexpk --mfmode ljfour --bdpi 8000 --mag 1+0/(2*4000) --dpi 8000 txsys
mktexpk --mfmode ljfour --bdpi 8000 --mag 1+0/(2*4000) --dpi 8000 txsys
mktexpk --mfmode ljfour --bdpi 8000 --mag 1+0/(2*4000) --dpi 8000 txsys
mktexpk --mfmode ljfour --bdpi 8000 --mag 1+0/(2*4000) --dpi 8000 txsys
mktexpk --mfmode ljfour --bdpi 8000 --mag 1+0/(2*4000) --dpi 8000 txsys
mktexpk --mfmode ljfour --bdpi 8000 --mag 1+0/(2*4000) --dpi 8000 txsys
mktexpk --mfmode ljfour --bdpi 8000 --mag 1+0/(2*4000) --dpi 8000 txsys
mktexpk --mfmode ljfour --bdpi 8000 --mag 1+0/(2*4000) --dpi 8000 txsys
mktexpk --mfmode ljfour --bdpi 8000 --mag 1+0/(2*4000) --dpi 8000 txsys
mktexpk --mfmode ljfour --bdpi 8000 --mag 1+0/(2*4000) --dpi 8000 txsys
mktexpk --mfmode ljfour --bdpi 8000 --mag 1+0/(2*4000) --dpi 8000 txsys
mktexpk --mfmode ljfour --bdpi 8000 --mag 1+0/(2*4000) --dpi 8000 txsys
mktexpk --mfmode ljfour --bdpi 8000 --mag 1+0/(2*4000) --dpi 8000 txsys
mktexpk --mfmode ljfour --bdpi 8000 --mag 1+0/(2*4000) --dpi 8000 txsys
mktexpk --mfmode ljfour --bdpi 8000 --mag 1+0/(2*4000) --dpi 8000 txsys
mktexpk --mfmode ljfour --bdpi 8000 --mag 1+0/(2*4000) --dpi 8000 txsys
mktexpk --mfmode ljfour --bdpi 8000 --mag 1+0/(2*4000) --dpi 8000 txsys
